Build started 18.05.2017 10:08:35.
Project "C:\qgis-oauth-cxxplugin-master\build\oauth2\oauth2authmethod.vcxproj" on node 2 (build target(s)).
InitializeBuildStatus:
  Creating "oauth2authmethod.dir\RelWithDebInfo\oauth2authmethod.unsuccessfulbuild" because "AlwaysCreate" was specified.
CustomBuild:
  All outputs are up-to-date.
ClCompile:
  C:\Program Files\Microsoft Visual Studio 10.0\VC\bin\CL.exe /c /IC:\OSGeo4W\include\qt4 /IC:\OSGeo4W\include\qt4\QtSvg /IC:\OSGeo4W\include\qt4\QtWebKit /IC:\OSGeo4W\include\qt4\QtGui /IC:\OSGeo4W\include\qt4\QtXml /IC:\OSGeo4W\include\qt4\QtSql /IC:\OSGeo4W\include\qt4\QtNetwork /IC:\OSGeo4W\include\qt4\QtCore /IC:\OSGeo4W\include\qt4\QtScript /I"C:\qgis-oauth-cxxplugin-master\build\oauth2" /I"C:\qgis-oauth-cxxplugin-master\oauth2" /IC:\OSGeo4W\include\qt4\QtCrypto /I"C:\Program Files\qtkeychain\include" /I"C:\Program Files\o2\include\o2" /I"C:\Program Files\qjson\include" /I"C:\qgis-oauth-cxxplugin-master\oauth2\qgis2-ui" /I"C:\Program Files\Qgis-2.18.4\include" /Zi /nologo /W3 /WX- /O2 /Ob1 /Oy- /D WIN32 /D _WINDOWS /D NDEBUG /D WITH_QTWEBKIT /D QT_DLL /D QT_NO_DEBUG /D QT_SVG_LIB /D QT_WEBKIT_LIB /D QT_GUI_LIB /D QT_XML_LIB /D QT_SQL_LIB /D QT_NETWORK_LIB /D QT_CORE_LIB /D "CORE_EXPORT=__declspec(dllimport)" /D "GUI_EXPORT=__declspec(dllimport)" /D "APP_EXPORT=__declspec(dllimport)" /D QT_SCRIPT_LIB /D O2_DLL_EXPORT /D "CMAKE_INTDIR=\"RelWithDebInfo\"" /D oauth2authmethod_EXPORTS /D _WINDLL /D _MBCS /Gm- /EHsc /MD /GS /fp:precise /Zc:wchar_t /Zc:forScope /GR /Fo"oauth2authmethod.dir\RelWithDebInfo\\" /Fd"oauth2authmethod.dir\RelWithDebInfo\vc100.pdb" /Gd /TP /analyze- /errorReport:prompt "..\..\oauth2\qgis2-ui\qgspasswordlineedit.cpp" ..\..\oauth2\qgsauthoauth2config.cpp ..\..\oauth2\qgsauthoauth2edit.cpp ..\..\oauth2\qgsauthoauth2method.cpp ..\..\oauth2\qgso2.cpp ..\..\oauth2\qjsonwrapper\Json.cpp moc_qgsauthoauth2config.cxx moc_qgsauthoauth2edit.cxx moc_qgsauthoauth2method.cxx moc_qgso2.cxx "qgis2-ui\moc_qgspasswordlineedit.cxx" qrc_oauth2_resources.cxx
  qgspasswordlineedit.cpp
  qgsauthoauth2config.cpp
  qgsauthoauth2edit.cpp
  qgsauthoauth2method.cpp
  qgso2.cpp
  Json.cpp
  moc_qgsauthoauth2config.cxx
  moc_qgsauthoauth2edit.cxx
  moc_qgsauthoauth2method.cxx
  moc_qgso2.cxx
  moc_qgspasswordlineedit.cxx
  qrc_oauth2_resources.cxx
  Generating Code...
c:\qgis-oauth-cxxplugin-master\oauth2\qgsauthoauth2config.cpp(770): warning C4715: 'QgsAuthOAuth2Config::configTypeString' : not all control paths return a value
c:\qgis-oauth-cxxplugin-master\oauth2\qgsauthoauth2config.cpp(784): warning C4715: 'QgsAuthOAuth2Config::grantFlowString' : not all control paths return a value
c:\qgis-oauth-cxxplugin-master\oauth2\qgsauthoauth2config.cpp(798): warning C4715: 'QgsAuthOAuth2Config::accessMethodString' : not all control paths return a value
ManifestResourceCompile:
  All outputs are up-to-date.
Link:
  C:\Program Files\Microsoft Visual Studio 10.0\VC\bin\link.exe /ERRORREPORT:PROMPT /OUT:"C:\qgis-oauth-cxxplugin-master\build\oauth2\RelWithDebInfo\oauth2authmethod.dll" /INCREMENTAL /NOLOGO kernel32.lib user32.lib gdi32.lib winspool.lib shell32.lib ole32.lib oleaut32.lib uuid.lib comdlg32.lib advapi32.lib "C:\Program Files\Qgis-2.18.4\lib\qgis_core.lib" "C:\Program Files\Qgis-2.18.4\lib\qgis_gui.lib" C:\OSGeo4W\lib\qtmain.lib C:\OSGeo4W\lib\QtXml4.lib C:\OSGeo4W\lib\QtCore4.lib C:\OSGeo4W\lib\QtGui4.lib C:\OSGeo4W\lib\QtNetwork4.lib C:\OSGeo4W\lib\QtSvg4.lib C:\OSGeo4W\lib\QtScript4.lib "C:\Program Files\qjson\lib\qjson.lib" "C:\Program Files\qtkeychain\lib\qtkeychain.lib" "C:\Program Files\o2\lib\o2.lib" /MANIFEST /ManifestFile:"oauth2authmethod.dir\RelWithDebInfo\oauth2authmethod.dll.intermediate.manifest" /MANIFESTUAC:"level='asInvoker' uiAccess='false'" /DEBUG /PDB:"C:/qgis-oauth-cxxplugin-master/build/oauth2/RelWithDebInfo/oauth2authmethod.pdb" /SUBSYSTEM:CONSOLE /TLBID:1 /DYNAMICBASE /NXCOMPAT /IMPLIB:"C:/qgis-oauth-cxxplugin-master/build/oauth2/RelWithDebInfo/oauth2authmethod.lib" /MACHINE:X86 /DLL oauth2authmethod.dir\RelWithDebInfo\oauth2authmethod.dll.embed.manifest.res
  oauth2authmethod.dir\RelWithDebInfo\qgso2.obj
  oauth2authmethod.dir\RelWithDebInfo\qgsauthoauth2config.obj
  oauth2authmethod.dir\RelWithDebInfo\qgsauthoauth2method.obj
  oauth2authmethod.dir\RelWithDebInfo\qgsauthoauth2edit.obj
  oauth2authmethod.dir\RelWithDebInfo\Json.obj
  oauth2authmethod.dir\RelWithDebInfo\qgspasswordlineedit.obj
  oauth2authmethod.dir\RelWithDebInfo\moc_qgso2.obj
  oauth2authmethod.dir\RelWithDebInfo\moc_qgsauthoauth2config.obj
  oauth2authmethod.dir\RelWithDebInfo\moc_qgsauthoauth2method.obj
  oauth2authmethod.dir\RelWithDebInfo\moc_qgsauthoauth2edit.obj
  oauth2authmethod.dir\RelWithDebInfo\moc_qgspasswordlineedit.obj
  oauth2authmethod.dir\RelWithDebInfo\qrc_oauth2_resources.obj  /machine:X86 
Manifest:
  C:\Program Files\Microsoft SDKs\Windows\v7.0A\bin\mt.exe /nologo /verbose /out:"oauth2authmethod.dir\RelWithDebInfo\oauth2authmethod.dll.embed.manifest" /manifest oauth2authmethod.dir\RelWithDebInfo\oauth2authmethod.dll.intermediate.manifest
  All outputs are up-to-date.
LinkEmbedManifest:
  All outputs are up-to-date.
  oauth2authmethod.vcxproj -> C:\qgis-oauth-cxxplugin-master\build\oauth2\RelWithDebInfo\oauth2authmethod.dll
FinalizeBuildStatus:
  Deleting file "oauth2authmethod.dir\RelWithDebInfo\oauth2authmethod.unsuccessfulbuild".
  Touching "oauth2authmethod.dir\RelWithDebInfo\oauth2authmethod.lastbuildstate".
Done Building Project "C:\qgis-oauth-cxxplugin-master\build\oauth2\oauth2authmethod.vcxproj" (build target(s)).

Build succeeded.

Time Elapsed 00:00:09.34
