C:\QGIS-OAUTH-CXXPLUGIN-MASTER\BUILD\OAUTH2\CMAKEFILES\GENERATE.STAMP
C:\QGIS-OAUTH-CXXPLUGIN-MASTER\BUILD\OAUTH2\MOC_QGSAUTHOAUTH2CONFIG.CXX
C:\QGIS-OAUTH-CXXPLUGIN-MASTER\BUILD\OAUTH2\MOC_QGSAUTHOAUTH2EDIT.CXX
C:\QGIS-OAUTH-CXXPLUGIN-MASTER\BUILD\OAUTH2\MOC_QGSAUTHOAUTH2METHOD.CXX
C:\QGIS-OAUTH-CXXPLUGIN-MASTER\BUILD\OAUTH2\MOC_QGSO2.CXX
C:\qgis-oauth-cxxplugin-master\build\oauth2\oauth2authmethod.dir\RelWithDebInfo\cl.command.1.tlog
C:\qgis-oauth-cxxplugin-master\build\oauth2\oauth2authmethod.dir\RelWithDebInfo\CL.read.1.tlog
C:\qgis-oauth-cxxplugin-master\build\oauth2\oauth2authmethod.dir\RelWithDebInfo\CL.write.1.tlog
C:\qgis-oauth-cxxplugin-master\build\oauth2\oauth2authmethod.dir\RelWithDebInfo\custombuild.command.1.tlog
C:\qgis-oauth-cxxplugin-master\build\oauth2\oauth2authmethod.dir\RelWithDebInfo\custombuild.read.1.tlog
C:\qgis-oauth-cxxplugin-master\build\oauth2\oauth2authmethod.dir\RelWithDebInfo\custombuild.write.1.tlog
C:\QGIS-OAUTH-CXXPLUGIN-MASTER\BUILD\OAUTH2\OAUTH2AUTHMETHOD.DIR\RELWITHDEBINFO\JSON.OBJ
C:\qgis-oauth-cxxplugin-master\build\oauth2\oauth2authmethod.dir\RelWithDebInfo\link.5860.read.1.tlog
C:\qgis-oauth-cxxplugin-master\build\oauth2\oauth2authmethod.dir\RelWithDebInfo\link.5860.write.1.tlog
C:\qgis-oauth-cxxplugin-master\build\oauth2\oauth2authmethod.dir\RelWithDebInfo\link.5860-cvtres.read.1.tlog
C:\qgis-oauth-cxxplugin-master\build\oauth2\oauth2authmethod.dir\RelWithDebInfo\link.5860-cvtres.write.1.tlog
C:\qgis-oauth-cxxplugin-master\build\oauth2\oauth2authmethod.dir\RelWithDebInfo\link.command.1.tlog
C:\qgis-oauth-cxxplugin-master\build\oauth2\oauth2authmethod.dir\RelWithDebInfo\link.read.1.tlog
C:\qgis-oauth-cxxplugin-master\build\oauth2\oauth2authmethod.dir\RelWithDebInfo\link.write.1.tlog
C:\qgis-oauth-cxxplugin-master\build\oauth2\oauth2authmethod.dir\RelWithDebInfo\link-cvtres.read.1.tlog
C:\qgis-oauth-cxxplugin-master\build\oauth2\oauth2authmethod.dir\RelWithDebInfo\link-cvtres.write.1.tlog
C:\QGIS-OAUTH-CXXPLUGIN-MASTER\BUILD\OAUTH2\OAUTH2AUTHMETHOD.DIR\RELWITHDEBINFO\MOC_QGSAUTHOAUTH2CONFIG.OBJ
C:\QGIS-OAUTH-CXXPLUGIN-MASTER\BUILD\OAUTH2\OAUTH2AUTHMETHOD.DIR\RELWITHDEBINFO\MOC_QGSAUTHOAUTH2EDIT.OBJ
C:\QGIS-OAUTH-CXXPLUGIN-MASTER\BUILD\OAUTH2\OAUTH2AUTHMETHOD.DIR\RELWITHDEBINFO\MOC_QGSAUTHOAUTH2METHOD.OBJ
C:\QGIS-OAUTH-CXXPLUGIN-MASTER\BUILD\OAUTH2\OAUTH2AUTHMETHOD.DIR\RELWITHDEBINFO\MOC_QGSO2.OBJ
C:\QGIS-OAUTH-CXXPLUGIN-MASTER\BUILD\OAUTH2\OAUTH2AUTHMETHOD.DIR\RELWITHDEBINFO\MOC_QGSPASSWORDLINEEDIT.OBJ
C:\qgis-oauth-cxxplugin-master\build\oauth2\oauth2authmethod.dir\RelWithDebInfo\mt.command.1.tlog
C:\qgis-oauth-cxxplugin-master\build\oauth2\oauth2authmethod.dir\RelWithDebInfo\mt.read.1.tlog
C:\qgis-oauth-cxxplugin-master\build\oauth2\oauth2authmethod.dir\RelWithDebInfo\mt.write.1.tlog
C:\QGIS-OAUTH-CXXPLUGIN-MASTER\BUILD\OAUTH2\OAUTH2AUTHMETHOD.DIR\RELWITHDEBINFO\OAUTH2AUTHMETHOD.DLL.EMBED.MANIFEST
C:\QGIS-OAUTH-CXXPLUGIN-MASTER\BUILD\OAUTH2\OAUTH2AUTHMETHOD.DIR\RELWITHDEBINFO\OAUTH2AUTHMETHOD.DLL.EMBED.MANIFEST.RES
C:\QGIS-OAUTH-CXXPLUGIN-MASTER\BUILD\OAUTH2\OAUTH2AUTHMETHOD.DIR\RELWITHDEBINFO\OAUTH2AUTHMETHOD.DLL.INTERMEDIATE.MANIFEST
C:\qgis-oauth-cxxplugin-master\build\oauth2\oauth2authmethod.dir\RelWithDebInfo\oauth2authmethod.write.1.tlog
C:\qgis-oauth-cxxplugin-master\build\oauth2\oauth2authmethod.dir\RelWithDebInfo\oauth2authmethod_manifest.rc
C:\QGIS-OAUTH-CXXPLUGIN-MASTER\BUILD\OAUTH2\OAUTH2AUTHMETHOD.DIR\RELWITHDEBINFO\QGSAUTHOAUTH2CONFIG.OBJ
C:\QGIS-OAUTH-CXXPLUGIN-MASTER\BUILD\OAUTH2\OAUTH2AUTHMETHOD.DIR\RELWITHDEBINFO\QGSAUTHOAUTH2EDIT.OBJ
C:\QGIS-OAUTH-CXXPLUGIN-MASTER\BUILD\OAUTH2\OAUTH2AUTHMETHOD.DIR\RELWITHDEBINFO\QGSAUTHOAUTH2METHOD.OBJ
C:\QGIS-OAUTH-CXXPLUGIN-MASTER\BUILD\OAUTH2\OAUTH2AUTHMETHOD.DIR\RELWITHDEBINFO\QGSO2.OBJ
C:\QGIS-OAUTH-CXXPLUGIN-MASTER\BUILD\OAUTH2\OAUTH2AUTHMETHOD.DIR\RELWITHDEBINFO\QGSPASSWORDLINEEDIT.OBJ
C:\QGIS-OAUTH-CXXPLUGIN-MASTER\BUILD\OAUTH2\OAUTH2AUTHMETHOD.DIR\RELWITHDEBINFO\QRC_OAUTH2_RESOURCES.OBJ
C:\qgis-oauth-cxxplugin-master\build\oauth2\oauth2authmethod.dir\RelWithDebInfo\rc.command.1.tlog
C:\qgis-oauth-cxxplugin-master\build\oauth2\oauth2authmethod.dir\RelWithDebInfo\rc.read.1.tlog
C:\qgis-oauth-cxxplugin-master\build\oauth2\oauth2authmethod.dir\RelWithDebInfo\rc.write.1.tlog
C:\QGIS-OAUTH-CXXPLUGIN-MASTER\BUILD\OAUTH2\OAUTH2AUTHMETHOD.DIR\RELWITHDEBINFO\VC100.PDB
C:\QGIS-OAUTH-CXXPLUGIN-MASTER\BUILD\OAUTH2\QGIS2-UI\MOC_QGSPASSWORDLINEEDIT.CXX
C:\QGIS-OAUTH-CXXPLUGIN-MASTER\BUILD\OAUTH2\QRC_OAUTH2_RESOURCES.CXX
C:\QGIS-OAUTH-CXXPLUGIN-MASTER\BUILD\OAUTH2\RELWITHDEBINFO\OAUTH2AUTHMETHOD.DLL
C:\qgis-oauth-cxxplugin-master\build\oauth2\RelWithDebInfo\oauth2authmethod.exp
C:\QGIS-OAUTH-CXXPLUGIN-MASTER\BUILD\OAUTH2\RELWITHDEBINFO\OAUTH2AUTHMETHOD.ILK
C:\qgis-oauth-cxxplugin-master\build\oauth2\RelWithDebInfo\oauth2authmethod.lib
C:\QGIS-OAUTH-CXXPLUGIN-MASTER\BUILD\OAUTH2\RELWITHDEBINFO\OAUTH2AUTHMETHOD.PDB
C:\QGIS-OAUTH-CXXPLUGIN-MASTER\BUILD\OAUTH2\UI_QGSAUTHOAUTH2EDIT.H
