C:\QGIS-OAUTH-CXXPLUGIN-MASTER\BUILD\OAUTH2\CMAKEFILES\GENERATE.STAMP
C:\QGIS-OAUTH-CXXPLUGIN-MASTER\BUILD\OAUTH2\MOC_QGSAUTHOAUTH2CONFIG.CXX
C:\QGIS-OAUTH-CXXPLUGIN-MASTER\BUILD\OAUTH2\MOC_QGSAUTHOAUTH2EDIT.CXX
C:\QGIS-OAUTH-CXXPLUGIN-MASTER\BUILD\OAUTH2\MOC_QGSAUTHOAUTH2METHOD.CXX
C:\QGIS-OAUTH-CXXPLUGIN-MASTER\BUILD\OAUTH2\MOC_QGSO2.CXX
C:\qgis-oauth-cxxplugin-master\build\oauth2\oauth2authmethod_static.dir\RelWithDebInfo\cl.command.1.tlog
C:\qgis-oauth-cxxplugin-master\build\oauth2\oauth2authmethod_static.dir\RelWithDebInfo\CL.read.1.tlog
C:\qgis-oauth-cxxplugin-master\build\oauth2\oauth2authmethod_static.dir\RelWithDebInfo\CL.write.1.tlog
C:\qgis-oauth-cxxplugin-master\build\oauth2\oauth2authmethod_static.dir\RelWithDebInfo\custombuild.command.1.tlog
C:\qgis-oauth-cxxplugin-master\build\oauth2\oauth2authmethod_static.dir\RelWithDebInfo\custombuild.read.1.tlog
C:\qgis-oauth-cxxplugin-master\build\oauth2\oauth2authmethod_static.dir\RelWithDebInfo\custombuild.write.1.tlog
C:\QGIS-OAUTH-CXXPLUGIN-MASTER\BUILD\OAUTH2\OAUTH2AUTHMETHOD_STATIC.DIR\RELWITHDEBINFO\JSON.OBJ
C:\qgis-oauth-cxxplugin-master\build\oauth2\oauth2authmethod_static.dir\RelWithDebInfo\lib.command.1.tlog
C:\qgis-oauth-cxxplugin-master\build\oauth2\oauth2authmethod_static.dir\RelWithDebInfo\Lib-link.read.1.tlog
C:\qgis-oauth-cxxplugin-master\build\oauth2\oauth2authmethod_static.dir\RelWithDebInfo\Lib-link.write.1.tlog
C:\QGIS-OAUTH-CXXPLUGIN-MASTER\BUILD\OAUTH2\OAUTH2AUTHMETHOD_STATIC.DIR\RELWITHDEBINFO\MOC_QGSAUTHOAUTH2CONFIG.OBJ
C:\QGIS-OAUTH-CXXPLUGIN-MASTER\BUILD\OAUTH2\OAUTH2AUTHMETHOD_STATIC.DIR\RELWITHDEBINFO\MOC_QGSAUTHOAUTH2EDIT.OBJ
C:\QGIS-OAUTH-CXXPLUGIN-MASTER\BUILD\OAUTH2\OAUTH2AUTHMETHOD_STATIC.DIR\RELWITHDEBINFO\MOC_QGSAUTHOAUTH2METHOD.OBJ
C:\QGIS-OAUTH-CXXPLUGIN-MASTER\BUILD\OAUTH2\OAUTH2AUTHMETHOD_STATIC.DIR\RELWITHDEBINFO\MOC_QGSO2.OBJ
C:\QGIS-OAUTH-CXXPLUGIN-MASTER\BUILD\OAUTH2\OAUTH2AUTHMETHOD_STATIC.DIR\RELWITHDEBINFO\MOC_QGSPASSWORDLINEEDIT.OBJ
C:\qgis-oauth-cxxplugin-master\build\oauth2\oauth2authmethod_static.dir\RelWithDebInfo\oauth2authmethod_static.write.1.tlog
C:\QGIS-OAUTH-CXXPLUGIN-MASTER\BUILD\OAUTH2\OAUTH2AUTHMETHOD_STATIC.DIR\RELWITHDEBINFO\QGSAUTHOAUTH2CONFIG.OBJ
C:\QGIS-OAUTH-CXXPLUGIN-MASTER\BUILD\OAUTH2\OAUTH2AUTHMETHOD_STATIC.DIR\RELWITHDEBINFO\QGSAUTHOAUTH2EDIT.OBJ
C:\QGIS-OAUTH-CXXPLUGIN-MASTER\BUILD\OAUTH2\OAUTH2AUTHMETHOD_STATIC.DIR\RELWITHDEBINFO\QGSAUTHOAUTH2METHOD.OBJ
C:\QGIS-OAUTH-CXXPLUGIN-MASTER\BUILD\OAUTH2\OAUTH2AUTHMETHOD_STATIC.DIR\RELWITHDEBINFO\QGSO2.OBJ
C:\QGIS-OAUTH-CXXPLUGIN-MASTER\BUILD\OAUTH2\OAUTH2AUTHMETHOD_STATIC.DIR\RELWITHDEBINFO\QGSPASSWORDLINEEDIT.OBJ
C:\QGIS-OAUTH-CXXPLUGIN-MASTER\BUILD\OAUTH2\OAUTH2AUTHMETHOD_STATIC.DIR\RELWITHDEBINFO\QRC_OAUTH2_RESOURCES.OBJ
C:\QGIS-OAUTH-CXXPLUGIN-MASTER\BUILD\OAUTH2\OAUTH2AUTHMETHOD_STATIC.DIR\RELWITHDEBINFO\VC100.PDB
C:\QGIS-OAUTH-CXXPLUGIN-MASTER\BUILD\OAUTH2\QGIS2-UI\MOC_QGSPASSWORDLINEEDIT.CXX
C:\QGIS-OAUTH-CXXPLUGIN-MASTER\BUILD\OAUTH2\QRC_OAUTH2_RESOURCES.CXX
C:\QGIS-OAUTH-CXXPLUGIN-MASTER\BUILD\OAUTH2\RELWITHDEBINFO\OAUTH2AUTHMETHOD_STATIC.LIB
C:\QGIS-OAUTH-CXXPLUGIN-MASTER\BUILD\OAUTH2\UI_QGSAUTHOAUTH2EDIT.H
