Build started 18.05.2017 10:09:02.
Project "C:\qgis-oauth-cxxplugin-master\build\INSTALL.vcxproj" on node 2 (build target(s)).
InitializeBuildStatus:
  Creating "Win32\RelWithDebInfo\INSTALL\INSTALL.unsuccessfulbuild" because "AlwaysCreate" was specified.
PostBuildEvent:
  setlocal
  "C:\Program Files\CMake\bin\cmake.exe" -DBUILD_TYPE=RelWithDebInfo -P cmake_install.cmake
  if %errorlevel% neq 0 goto :cmEnd
  :cmEnd
  endlocal & call :cmErrorLevel %errorlevel% & goto :cmDone
  :cmErrorLevel
  exit /b %1
  :cmDone
  if %errorlevel% neq 0 goto :VCEnd
  :VCEnd
  -- Install configuration: "RelWithDebInfo"
  -- Installing: C:/Program Files/Qgis-2.18.4/plugins/oauth2authmethod.dll
FinalizeBuildStatus:
  Deleting file "Win32\RelWithDebInfo\INSTALL\INSTALL.unsuccessfulbuild".
  Touching "Win32\RelWithDebInfo\INSTALL\INSTALL.lastbuildstate".
Done Building Project "C:\qgis-oauth-cxxplugin-master\build\INSTALL.vcxproj" (build target(s)).

Build succeeded.

Time Elapsed 00:00:00.26
